fatal: GET con / - 15/6/2023
fatal: GET con /css/styles.css - 15/6/2023
fatal: GET con /favicon.ico - 15/6/2023
fatal: GET con / - 15/6/2023
fatal: GET con /css/styles.css - 15/6/2023
fatal: GET con /favicon.ico - 15/6/2023
fatal: GET con /login - 15/6/2023
fatal: GET con /js/login.js - 15/6/2023
fatal: GET con /css/styles.css - 15/6/2023
fatal: GET con /favicon.ico - 15/6/2023
fatal: POST con /api/session/login - 15/6/2023
fatal: GET con /favicon.ico - 15/6/2023
fatal: GET con /css/styles.css - 15/6/2023
fatal: GET con /favicon.ico - 15/6/2023
fatal: GET con / - 15/6/2023
fatal: GET con /css/styles.css - 15/6/2023
fatal: GET con /product/648b260b5559aefb032ca22a - 15/6/2023
fatal: GET con /css/styles.css - 15/6/2023
fatal: GET con /js/login.js - 15/6/2023
fatal: GET con /favicon.ico - 15/6/2023
fatal: GET con /recover - 15/6/2023
fatal: GET con /js/recover.js - 15/6/2023
fatal: GET con /css/styles.css - 15/6/2023
fatal: GET con /favicon.ico - 15/6/2023
fatal: GET con /favicon.ico - 15/6/2023
fatal: GET con /favicon.ico - 15/6/2023
fatal: GET con /product/648b260b5559aefb032ca22b - 15/6/2023
fatal: GET con /css/styles.css - 15/6/2023
fatal: GET con /js/login.js - 15/6/2023
fatal: GET con /favicon.ico - 15/6/2023
fatal: GET con /favicon.ico - 15/6/2023
fatal: GET con /product/648b260b5559aefb032ca229 - 15/6/2023
fatal: GET con /css/styles.css - 15/6/2023
fatal: GET con /js/login.js - 15/6/2023
fatal: GET con /favicon.ico - 15/6/2023
fatal: GET con /favicon.ico - 15/6/2023
fatal: GET con / - 17/6/2023
fatal: GET con /css/styles.css - 17/6/2023
fatal: GET con /favicon.ico - 17/6/2023
fatal: GET con /login - 17/6/2023
fatal: GET con /css/styles.css - 17/6/2023
fatal: GET con /js/login.js - 17/6/2023
fatal: GET con /favicon.ico - 17/6/2023
fatal: GET con /register - 17/6/2023
fatal: GET con /css/styles.css - 17/6/2023
fatal: GET con /js/register.js - 17/6/2023
fatal: GET con /favicon.ico - 17/6/2023
fatal: POST con /api/session/register - 17/6/2023
fatal: GET con /login - 17/6/2023
fatal: GET con /css/styles.css - 17/6/2023
fatal: GET con /js/login.js - 17/6/2023
fatal: GET con /favicon.ico - 17/6/2023
fatal: POST con /api/session/login - 17/6/2023
fatal: GET con / - 17/6/2023
fatal: GET con /css/styles.css - 17/6/2023
fatal: GET con /favicon.ico - 17/6/2023
fatal: GET con /product/648b260b5559aefb032ca22a - 17/6/2023
fatal: GET con /css/styles.css - 17/6/2023
fatal: GET con /js/product.js - 17/6/2023
fatal: GET con /favicon.ico - 17/6/2023
fatal: PUT con /api/carts/648d23ff4c335f2e466bb638 - 17/6/2023
fatal: GET con / - 17/6/2023
fatal: GET con /css/styles.css - 17/6/2023
fatal: GET con /favicon.ico - 17/6/2023
fatal: GET con /user - 17/6/2023
fatal: GET con /js/logout.js - 17/6/2023
fatal: GET con /css/styles.css - 17/6/2023
fatal: GET con /favicon.ico - 17/6/2023
fatal: GET con / - 17/6/2023
fatal: GET con /css/styles.css - 17/6/2023
fatal: GET con /favicon.ico - 17/6/2023
fatal: GET con /user - 17/6/2023
fatal: GET con /css/styles.css - 17/6/2023
fatal: GET con /js/logout.js - 17/6/2023
fatal: GET con /favicon.ico - 17/6/2023
fatal: GET con /documents - 17/6/2023
fatal: GET con /css/styles.css - 17/6/2023
fatal: GET con /js/documents.js - 17/6/2023
fatal: GET con /favicon.ico - 17/6/2023
fatal: GET con / - 17/6/2023
fatal: GET con /css/styles.css - 17/6/2023
fatal: GET con /favicon.ico - 17/6/2023
fatal: GET con /user - 17/6/2023
fatal: GET con /css/styles.css - 17/6/2023
fatal: GET con /js/logout.js - 17/6/2023
fatal: GET con /favicon.ico - 17/6/2023
fatal: GET con /api/session/current - 17/6/2023
fatal: GET con /favicon.ico - 17/6/2023
fatal: POST con /api/session/premium/adminCoder@coder.com - 17/6/2023
fatal: GET con / - 17/6/2023
fatal: GET con /css/styles.css - 17/6/2023
fatal: GET con /favicon.ico - 17/6/2023
fatal: GET con /carts/648d23ff4c335f2e466bb638 - 17/6/2023
fatal: GET con /css/styles.css - 17/6/2023
fatal: GET con /js/carts.js - 17/6/2023
fatal: GET con /favicon.ico - 17/6/2023
fatal: POST con /api/tickets/648d23ff4c335f2e466bb638 - 17/6/2023
fatal: GET con / - 17/6/2023
fatal: GET con /css/styles.css - 17/6/2023
fatal: GET con /favicon.ico - 17/6/2023
fatal: GET con /chat - 17/6/2023
fatal: GET con /css/styles.css - 17/6/2023
fatal: GET con /js/chat.js - 17/6/2023
fatal: GET con /api/session/current - 17/6/2023
fatal: GET con /favicon.ico - 17/6/2023
fatal: GET con / - 17/6/2023
fatal: GET con /css/styles.css - 17/6/2023
fatal: GET con /favicon.ico - 17/6/2023
fatal: GET con /user - 17/6/2023
fatal: GET con /css/styles.css - 17/6/2023
fatal: GET con /js/logout.js - 17/6/2023
fatal: GET con /favicon.ico - 17/6/2023
fatal: POST con /api/session/logout - 17/6/2023
fatal: GET con /login - 17/6/2023
fatal: GET con /css/styles.css - 17/6/2023
fatal: GET con /js/login.js - 17/6/2023
fatal: GET con /favicon.ico - 17/6/2023
fatal: GET con / - 17/6/2023
fatal: GET con /css/styles.css - 17/6/2023
fatal: GET con /favicon.ico - 17/6/2023
fatal: GET con /login - 17/6/2023
fatal: GET con /css/styles.css - 17/6/2023
fatal: GET con /js/login.js - 17/6/2023
fatal: GET con /favicon.ico - 17/6/2023
fatal: POST con /api/session/login - 17/6/2023
fatal: GET con / - 17/6/2023
fatal: GET con /css/styles.css - 17/6/2023
fatal: GET con /favicon.ico - 17/6/2023
fatal: GET con /user - 17/6/2023
fatal: GET con /css/styles.css - 17/6/2023
fatal: GET con /js/logout.js - 17/6/2023
fatal: GET con /favicon.ico - 17/6/2023
fatal: GET con /api/session/current - 17/6/2023
fatal: GET con /favicon.ico - 17/6/2023
fatal: GET con / - 17/6/2023
fatal: GET con /css/styles.css - 17/6/2023
fatal: GET con /favicon.ico - 17/6/2023
fatal: GET con /product/648b260b5559aefb032ca22a - 17/6/2023
fatal: GET con /css/styles.css - 17/6/2023
fatal: GET con /js/product.js - 17/6/2023
fatal: GET con /favicon.ico - 17/6/2023
fatal: GET con /favicon.ico - 17/6/2023
fatal: GET con /product/648b260b5559aefb032ca229 - 17/6/2023
fatal: GET con /css/styles.css - 17/6/2023
fatal: GET con /js/product.js - 17/6/2023
fatal: GET con /favicon.ico - 17/6/2023
fatal: GET con /favicon.ico - 17/6/2023
fatal: GET con /newProduct - 17/6/2023
fatal: GET con /css/styles.css - 17/6/2023
fatal: GET con /js/newProduct.js - 17/6/2023
fatal: GET con /favicon.ico - 17/6/2023
fatal: GET con / - 17/6/2023
fatal: GET con /css/styles.css - 17/6/2023
fatal: GET con /favicon.ico - 17/6/2023
fatal: GET con /viewUsers - 17/6/2023
fatal: GET con /js/viewUsers.js - 17/6/2023
fatal: GET con /css/styles.css - 17/6/2023
fatal: GET con /favicon.ico - 17/6/2023
fatal: GET con / - 17/6/2023
fatal: GET con /css/styles.css - 17/6/2023
fatal: GET con /favicon.ico - 17/6/2023
fatal: GET con /newProduct - 17/6/2023
fatal: GET con /css/styles.css - 17/6/2023
fatal: GET con /js/newProduct.js - 17/6/2023
fatal: GET con /favicon.ico - 17/6/2023
fatal: GET con / - 17/6/2023
fatal: GET con /css/styles.css - 17/6/2023
fatal: GET con /favicon.ico - 17/6/2023
fatal: GET con /user - 17/6/2023
fatal: GET con /css/styles.css - 17/6/2023
fatal: GET con /js/logout.js - 17/6/2023
fatal: GET con /favicon.ico - 17/6/2023
fatal: GET con / - 17/6/2023
fatal: GET con /css/styles.css - 17/6/2023
fatal: GET con /favicon.ico - 17/6/2023
fatal: GET con /user - 17/6/2023
fatal: GET con /css/styles.css - 17/6/2023
fatal: GET con /js/logout.js - 17/6/2023
fatal: GET con /favicon.ico - 17/6/2023
fatal: GET con / - 17/6/2023
fatal: GET con /css/styles.css - 17/6/2023
fatal: GET con /favicon.ico - 17/6/2023
fatal: GET con /carts/648d23ff4c335f2e466bb638 - 17/6/2023
fatal: GET con /css/styles.css - 17/6/2023
fatal: GET con /js/carts.js - 17/6/2023
fatal: GET con /favicon.ico - 17/6/2023
fatal: GET con / - 17/6/2023
fatal: GET con /css/styles.css - 17/6/2023
fatal: GET con /favicon.ico - 17/6/2023
fatal: GET con /user - 17/6/2023
fatal: GET con /css/styles.css - 17/6/2023
fatal: GET con /js/logout.js - 17/6/2023
fatal: GET con /favicon.ico - 17/6/2023
fatal: POST con /api/session/logout - 17/6/2023
fatal: GET con /login - 17/6/2023
fatal: GET con /css/styles.css - 17/6/2023
fatal: GET con /js/login.js - 17/6/2023
fatal: GET con /favicon.ico - 17/6/2023
fatal: GET con /register - 17/6/2023
fatal: GET con /css/styles.css - 17/6/2023
fatal: GET con /js/register.js - 17/6/2023
fatal: GET con /favicon.ico - 17/6/2023
fatal: POST con /api/session/register - 17/6/2023
fatal: GET con /login - 17/6/2023
fatal: GET con /css/styles.css - 17/6/2023
fatal: GET con /js/login.js - 17/6/2023
fatal: GET con /favicon.ico - 17/6/2023
fatal: POST con /api/session/login - 17/6/2023
fatal: GET con / - 17/6/2023
fatal: GET con /css/styles.css - 17/6/2023
fatal: GET con /favicon.ico - 17/6/2023
fatal: GET con /user - 17/6/2023
fatal: GET con /css/styles.css - 17/6/2023
fatal: GET con /js/logout.js - 17/6/2023
fatal: GET con /favicon.ico - 17/6/2023
fatal: POST con /api/session/logout - 17/6/2023
fatal: GET con /login - 17/6/2023
fatal: GET con /css/styles.css - 17/6/2023
fatal: GET con /js/login.js - 17/6/2023
fatal: GET con /favicon.ico - 17/6/2023
fatal: POST con /api/session/login - 17/6/2023
fatal: GET con / - 17/6/2023
fatal: GET con /css/styles.css - 17/6/2023
fatal: GET con /favicon.ico - 17/6/2023
fatal: GET con /viewUsers - 17/6/2023
fatal: GET con /css/styles.css - 17/6/2023
fatal: GET con /js/viewUsers.js - 17/6/2023
fatal: GET con /favicon.ico - 17/6/2023
fatal: PUT con /api/session/swapRoleForced/joaaq@mail.com - 17/6/2023
fatal: PUT con /api/session/swapRoleForced/joaaq@mail.com - 17/6/2023
fatal: DELETE con /api/session/joaaq@mail.com - 17/6/2023
fatal: DELETE con /api/session/joaaq@mail.com - 17/6/2023
fatal: GET con / - 17/6/2023
fatal: GET con /css/styles.css - 17/6/2023
fatal: GET con /favicon.ico - 17/6/2023
fatal: GET con /newProduct - 17/6/2023
fatal: GET con /css/styles.css - 17/6/2023
fatal: GET con /js/newProduct.js - 17/6/2023
fatal: GET con /favicon.ico - 17/6/2023
fatal: GET con / - 17/6/2023
fatal: GET con /css/styles.css - 17/6/2023
fatal: GET con /favicon.ico - 17/6/2023
fatal: GET con /viewUsers - 17/6/2023
fatal: GET con /css/styles.css - 17/6/2023
fatal: GET con /js/viewUsers.js - 17/6/2023
fatal: GET con /favicon.ico - 17/6/2023
fatal: GET con / - 17/6/2023
fatal: GET con /css/styles.css - 17/6/2023
fatal: GET con /favicon.ico - 17/6/2023
fatal: GET con / - 17/6/2023
fatal: GET con /css/styles.css - 17/6/2023
fatal: GET con /favicon.ico - 17/6/2023
fatal: GET con / - 17/6/2023
fatal: GET con /css/styles.css - 17/6/2023
fatal: GET con /favicon.ico - 17/6/2023
fatal: GET con / - 17/6/2023
fatal: GET con /css/styles.css - 17/6/2023
fatal: GET con /favicon.ico - 17/6/2023
fatal: GET con /user - 17/6/2023
fatal: GET con /css/styles.css - 17/6/2023
fatal: GET con /js/logout.js - 17/6/2023
fatal: GET con /favicon.ico - 17/6/2023
fatal: GET con /user - 17/6/2023
fatal: GET con /css/styles.css - 17/6/2023
fatal: GET con /js/logout.js - 17/6/2023
fatal: GET con /favicon.ico - 17/6/2023
fatal: GET con / - 17/6/2023
fatal: GET con /css/styles.css - 17/6/2023
fatal: GET con /favicon.ico - 17/6/2023
fatal: GET con / - 17/6/2023
fatal: GET con /css/styles.css - 17/6/2023
fatal: GET con /favicon.ico - 17/6/2023
fatal: GET con /user - 17/6/2023
fatal: GET con /css/styles.css - 17/6/2023
fatal: GET con /js/logout.js - 17/6/2023
fatal: GET con /favicon.ico - 17/6/2023
fatal: GET con /favicon.ico - 17/6/2023
fatal: GET con / - 17/6/2023
fatal: GET con /css/styles.css - 17/6/2023
fatal: GET con /favicon.ico - 17/6/2023
fatal: GET con / - 17/6/2023
fatal: GET con /css/styles.css - 17/6/2023
fatal: GET con /favicon.ico - 17/6/2023
fatal: GET con / - 17/6/2023
fatal: GET con /css/styles.css - 17/6/2023
fatal: GET con /favicon.ico - 17/6/2023
fatal: GET con / - 17/6/2023
fatal: GET con /css/styles.css - 17/6/2023
fatal: GET con /favicon.ico - 17/6/2023
fatal: GET con /user - 17/6/2023
fatal: GET con /css/styles.css - 17/6/2023
fatal: GET con /js/logout.js - 17/6/2023
fatal: GET con /favicon.ico - 17/6/2023
fatal: GET con /favicon.ico - 17/6/2023
fatal: GET con / - 17/6/2023
fatal: GET con /css/styles.css - 17/6/2023
fatal: GET con /favicon.ico - 17/6/2023
fatal: GET con /user - 17/6/2023
fatal: GET con /css/styles.css - 17/6/2023
fatal: GET con /js/logout.js - 17/6/2023
fatal: GET con /favicon.ico - 17/6/2023
fatal: GET con / - 17/6/2023
fatal: GET con /css/styles.css - 17/6/2023
fatal: GET con /favicon.ico - 17/6/2023
fatal: GET con /user - 17/6/2023
fatal: GET con /css/styles.css - 17/6/2023
fatal: GET con /js/logout.js - 17/6/2023
fatal: GET con /favicon.ico - 17/6/2023
fatal: GET con /favicon.ico - 17/6/2023
fatal: GET con / - 17/6/2023
fatal: GET con /css/styles.css - 17/6/2023
fatal: GET con /favicon.ico - 17/6/2023
fatal: GET con /user - 17/6/2023
fatal: GET con /css/styles.css - 17/6/2023
fatal: GET con /js/logout.js - 17/6/2023
fatal: GET con /favicon.ico - 17/6/2023
fatal: POST con /api/session/logout - 17/6/2023
fatal: GET con /login - 17/6/2023
fatal: GET con /css/styles.css - 17/6/2023
fatal: GET con /js/login.js - 17/6/2023
fatal: GET con /favicon.ico - 17/6/2023
fatal: GET con / - 17/6/2023
fatal: GET con /css/styles.css - 17/6/2023
fatal: GET con /favicon.ico - 17/6/2023
fatal: GET con /login - 17/6/2023
fatal: GET con /css/styles.css - 17/6/2023
fatal: GET con /js/login.js - 17/6/2023
fatal: GET con /favicon.ico - 17/6/2023
fatal: GET con / - 17/6/2023
fatal: GET con /css/styles.css - 17/6/2023
fatal: GET con /favicon.ico - 17/6/2023
